[debug] [2023-03-28T00:53:59.145Z] ----------------------------------------------------------------------
[debug] [2023-03-28T00:53:59.147Z] Command:       C:\Program Files\nodejs\node.exe C:\Users\ivani\AppData\Roaming\npm\node_modules\firebase-tools\lib\bin\firebase.js deploy
[debug] [2023-03-28T00:53:59.147Z] CLI Version:   11.25.1
[debug] [2023-03-28T00:53:59.147Z] Platform:      win32
[debug] [2023-03-28T00:53:59.147Z] Node Version:  v16.15.1
[debug] [2023-03-28T00:53:59.148Z] Time:          Tue Mar 28 2023 02:53:59 GMT+0200 (hora de verano de Europa central)
[debug] [2023-03-28T00:53:59.148Z] ----------------------------------------------------------------------
[debug] 
[debug] [2023-03-28T00:53:59.204Z] > command requires scopes: ["email","openid","https://www.googleapis.com/auth/cloudplatformprojects.readonly","https://www.googleapis.com/auth/firebase","https://www.googleapis.com/auth/cloud-platform"]
[debug] [2023-03-28T00:53:59.204Z] > authorizing via signed-in user (themasterrg@gmail.com)
[debug] [2023-03-28T00:53:59.204Z] [iam] checking project materialkanban for permissions ["datastore.indexes.create","datastore.indexes.delete","datastore.indexes.list","datastore.indexes.update","firebase.projects.get","firebasehosting.sites.update"]
[debug] [2023-03-28T00:53:59.206Z] >>> [apiv2][query] POST https://cloudresourcemanager.googleapis.com/v1/projects/materialkanban:testIamPermissions [none]
[debug] [2023-03-28T00:53:59.206Z] >>> [apiv2][(partial)header] POST https://cloudresourcemanager.googleapis.com/v1/projects/materialkanban:testIamPermissions x-goog-quota-user=projects/materialkanban
[debug] [2023-03-28T00:53:59.206Z] >>> [apiv2][body] POST https://cloudresourcemanager.googleapis.com/v1/projects/materialkanban:testIamPermissions {"permissions":["datastore.indexes.create","datastore.indexes.delete","datastore.indexes.list","datastore.indexes.update","firebase.projects.get","firebasehosting.sites.update"]}
[debug] [2023-03-28T00:53:59.955Z] <<< [apiv2][status] POST https://cloudresourcemanager.googleapis.com/v1/projects/materialkanban:testIamPermissions 200
[debug] [2023-03-28T00:53:59.955Z] <<< [apiv2][body] POST https://cloudresourcemanager.googleapis.com/v1/projects/materialkanban:testIamPermissions {"permissions":["datastore.indexes.create","datastore.indexes.delete","datastore.indexes.list","datastore.indexes.update","firebase.projects.get","firebasehosting.sites.update"]}
[debug] [2023-03-28T00:53:59.956Z] >>> [apiv2][query] GET https://firebase.googleapis.com/v1beta1/projects/materialkanban [none]
[debug] [2023-03-28T00:54:00.217Z] <<< [apiv2][status] GET https://firebase.googleapis.com/v1beta1/projects/materialkanban 200
[debug] [2023-03-28T00:54:00.217Z] <<< [apiv2][body] GET https://firebase.googleapis.com/v1beta1/projects/materialkanban {"projectId":"materialkanban","projectNumber":"465319731998","displayName":"MaterialKanban","name":"projects/materialkanban","resources":{"hostingSite":"materialkanban","realtimeDatabaseInstance":"materialkanban-default-rtdb","storageBucket":"materialkanban.appspot.com","locationId":"europe-west"},"state":"ACTIVE","etag":"1_1dc39da0-8f6a-4578-93ba-5b976f36dae4"}
[info] 
[info] === Deploying to 'materialkanban'...
[info] 
[info] i  deploying firestore, hosting 
[info] i  firestore: reading indexes from firestore.indexes.json... 
[info] i  cloud.firestore: checking firestore.rules for compilation errors... 
[debug] [2023-03-28T00:54:00.223Z] >>> [apiv2][query] POST https://firebaserules.googleapis.com/v1/projects/materialkanban:test [none]
[debug] [2023-03-28T00:54:00.223Z] >>> [apiv2][body] POST https://firebaserules.googleapis.com/v1/projects/materialkanban:test [omitted]
[debug] [2023-03-28T00:54:00.968Z] <<< [apiv2][status] POST https://firebaserules.googleapis.com/v1/projects/materialkanban:test 200
[debug] [2023-03-28T00:54:00.968Z] <<< [apiv2][body] POST https://firebaserules.googleapis.com/v1/projects/materialkanban:test {}
[info] +  cloud.firestore: rules file firestore.rules compiled successfully 
[debug] [2023-03-28T00:54:00.975Z] >>> [apiv2][query] POST https://firebasehosting.googleapis.com/v1beta1/projects/-/sites/materialkanban/versions [none]
[debug] [2023-03-28T00:54:00.975Z] >>> [apiv2][body] POST https://firebasehosting.googleapis.com/v1beta1/projects/-/sites/materialkanban/versions {"status":"CREATED","labels":{"deployment-tool":"cli-firebase"}}
[debug] [2023-03-28T00:54:02.178Z] <<< [apiv2][status] POST https://firebasehosting.googleapis.com/v1beta1/projects/-/sites/materialkanban/versions 200
[debug] [2023-03-28T00:54:02.178Z] <<< [apiv2][body] POST https://firebasehosting.googleapis.com/v1beta1/projects/-/sites/materialkanban/versions {"name":"projects/465319731998/sites/materialkanban/versions/4f44b0ae78d52db1","status":"CREATED","config":{},"labels":{"deployment-tool":"cli-firebase"}}
[info] i  firestore: deploying indexes... 
[debug] [2023-03-28T00:54:02.180Z] >>> [apiv2][query] GET https://firebaserules.googleapis.com/v1/projects/materialkanban/releases pageSize=10&pageToken=
[debug] [2023-03-28T00:54:02.182Z] >>> [apiv2][query] GET https://firestore.googleapis.com/v1/projects/materialkanban/databases/(default)/collectionGroups/-/indexes [none]
[debug] [2023-03-28T00:54:02.454Z] <<< [apiv2][status] GET https://firestore.googleapis.com/v1/projects/materialkanban/databases/(default)/collectionGroups/-/indexes 200
[debug] [2023-03-28T00:54:02.455Z] <<< [apiv2][body] GET https://firestore.googleapis.com/v1/projects/materialkanban/databases/(default)/collectionGroups/-/indexes {}
[debug] [2023-03-28T00:54:02.455Z] >>> [apiv2][query] GET https://firestore.googleapis.com/v1/projects/materialkanban/databases/(default)/collectionGroups/-/fields?filter=indexConfig.usesAncestorConfig=false OR ttlConfig:* [none]
[debug] [2023-03-28T00:54:02.686Z] <<< [apiv2][status] GET https://firestore.googleapis.com/v1/projects/materialkanban/databases/(default)/collectionGroups/-/fields?filter=indexConfig.usesAncestorConfig=false OR ttlConfig:* 200
[debug] [2023-03-28T00:54:02.686Z] <<< [apiv2][body] GET https://firestore.googleapis.com/v1/projects/materialkanban/databases/(default)/collectionGroups/-/fields?filter=indexConfig.usesAncestorConfig=false OR ttlConfig:* {"fields":[{"name":"projects/materialkanban/databases/(default)/collectionGroups/__default__/fields/*","indexConfig":{"indexes":[{"queryScope":"COLLECTION","fields":[{"fieldPath":"*","order":"ASCENDING"}],"state":"READY"},{"queryScope":"COLLECTION","fields":[{"fieldPath":"*","order":"DESCENDING"}],"state":"READY"},{"queryScope":"COLLECTION","fields":[{"fieldPath":"*","arrayConfig":"CONTAINS"}],"state":"READY"}]}}]}
[info] +  firestore: deployed indexes in firestore.indexes.json successfully for (default) database 
[debug] [2023-03-28T00:54:02.886Z] <<< [apiv2][status] GET https://firebaserules.googleapis.com/v1/projects/materialkanban/releases 200
[debug] [2023-03-28T00:54:02.886Z] <<< [apiv2][body] GET https://firebaserules.googleapis.com/v1/projects/materialkanban/releases {"releases":[{"name":"projects/materialkanban/releases/cloud.firestore","rulesetName":"projects/materialkanban/rulesets/4b556dd0-5700-4a5e-ba50-2929cbd3c3f5","createTime":"2023-03-23T23:42:06.375052Z","updateTime":"2023-03-28T00:48:27.227195Z"},{"name":"projects/materialkanban/releases/firebase.storage/materialkanban.appspot.com","rulesetName":"projects/materialkanban/rulesets/862c5eb0-be27-4205-9056-f822d51d476e","createTime":"2023-03-26T14:02:08.664270Z","updateTime":"2023-03-26T14:02:08.664270Z"}]}
[debug] [2023-03-28T00:54:02.898Z] >>> [apiv2][query] GET https://firebaserules.googleapis.com/v1/projects/materialkanban/rulesets/4b556dd0-5700-4a5e-ba50-2929cbd3c3f5 [none]
[debug] [2023-03-28T00:54:03.609Z] <<< [apiv2][status] GET https://firebaserules.googleapis.com/v1/projects/materialkanban/rulesets/4b556dd0-5700-4a5e-ba50-2929cbd3c3f5 200
[debug] [2023-03-28T00:54:03.609Z] <<< [apiv2][body] GET https://firebaserules.googleapis.com/v1/projects/materialkanban/rulesets/4b556dd0-5700-4a5e-ba50-2929cbd3c3f5 [omitted]
[info] i  firestore: latest version of firestore.rules already up to date, skipping upload... 
[info] i  hosting[materialkanban]: beginning deploy... 
[info] i  hosting[materialkanban]: found 39 files in dist/material-kanban 
[debug] [2023-03-28T00:54:03.621Z] [hosting] uploading with 200 concurrency
[debug] [2023-03-28T00:54:03.694Z] [hosting] hash cache [ZGlzdFxtYXRlcmlhbC1rYW5iYW4] stored for 39 files
[debug] [2023-03-28T00:54:03.694Z] [hosting][hash queue][FINAL] {"max":66,"min":1,"avg":14.923076923076923,"active":0,"complete":39,"success":39,"errored":0,"retried":0,"total":39,"elapsed":71}
[debug] [2023-03-28T00:54:03.694Z] >>> [apiv2][query] POST https://firebasehosting.googleapis.com/v1beta1/projects/465319731998/sites/materialkanban/versions/4f44b0ae78d52db1:populateFiles [none]
[debug] [2023-03-28T00:54:03.694Z] >>> [apiv2][body] POST https://firebasehosting.googleapis.com/v1beta1/projects/465319731998/sites/materialkanban/versions/4f44b0ae78d52db1:populateFiles {"files":{"/favicon.ico":"2c19690e9587bae12f419b34d2edeecc76808099540a9c9f4ea6194116cfc8f7\r","/assets/ProductSans-Black.woff":"3bab60ec120d7613afa3a4d6a269c77d4a18efc1b0e5058a6911aba33fe0c67f\r","/assets/ProductSans-BlackItalic.woff":"2e61e2dd107749c293d470ca432fe7933fb25b6233990128fefbe16ffed4061d\r","/assets/ProductSans-Bold.woff":"0e80a0f9462bb4a28177218817293488e08a14f44d01f491a7e29e538f7c6608\r","/assets/ProductSans-BoldItalic.woff":"0b9ad12f9dd26648012d51ead17d7d72f34224bbd4494ce4fae19c9a0c1c674a\r","/assets/ProductSans-Italic.woff":"8a6a800c14b7d226592ee64c285ceb6f3b95790bf57b49e9b9a914dd0a7a51d0\r","/assets/ProductSans-Light.woff":"21d6c1e4d63326f54f830f9e0b1fd9b97b36ac55cc123e352f4c9b3ddd5fb0dc\r","/assets/ProductSans-LightItalic.woff":"d579bf8041d21dea1c77fdc92526e0bea78ed6644ceac936b017b38785938e35\r","/assets/ProductSans-Medium.woff":"4c283a7b6f760f0e0f423b113c8dbc535fe7b481db23a084c52cac619f1f14df\r","/assets/ProductSans-MediumItalic.woff":"c8b2dbdb31b76cb5efbb9256256856b19125103656279abc8bd2982c87d00c5d\r","/assets/ProductSans-Regular.woff":"6b400c30a6c4af5a8327629e992c64fa1a400b2ba05f06fde910aa7e42ebff3f\r","/assets/ProductSans-Thin.woff":"d82b6755c749522d9306f3f688bb4db27312cf6270ba87b5f92cd401e9bfb701\r","/assets/ProductSans-ThinItalic.woff":"f87d1948d79e13832e59452670b500683d80a51c3f94e604802fd58d41947084\r","/hue.8b1818380241e6ac.png":"6e90e7cf8107db09f2c57f9c136192392362d8d36aa3c307ac043e546b128341","/color.dae87a04d07ca92b.png":"c678e628a3db91d06ebaeae0f5267d69d7d01c773a5cdca2564408229372bcc6","/3rdpartylicenses.txt":"06ea916a961cb53c01d66066d76a75d8c14cfbdc486562d494e05b287d0fc54f","/index.html":"2f12bc3df29c3bf0da7239facd12041e01cb2e84b6c8fa1eab676c9411f7ab7b","/polyfills.28c137e0fd5a0bb9.js":"c1d07be9265fe73ccc914fbbaf5176a1d7c7b8fb6ddaf517c147fd0b51a1d566","/runtime.a6b6f392c7442fda.js":"e34790ea85421cf44067c2198c9a322f4d483f9d4c29733a7a7f0830a6a3c6a2","/primeicons.ba3f916dfb64be8c.woff2":"d5f02514050f4e5eacfa091bb34c0e55107bf42b21e63d3352d386e5e0342ca5","/ProductSans-Black.cdcaa6c8817031fd.woff":"3bab60ec120d7613afa3a4d6a269c77d4a18efc1b0e5058a6911aba33fe0c67f","/ProductSans-BlackItalic.7d9da765e27cdf99.woff":"2e61e2dd107749c293d470ca432fe7933fb25b6233990128fefbe16ffed4061d","/ProductSans-Bold.b97831c7ff8fbcfb.woff":"0e80a0f9462bb4a28177218817293488e08a14f44d01f491a7e29e538f7c6608","/ProductSans-BoldItalic.2d26d8926d668104.woff":"0b9ad12f9dd26648012d51ead17d7d72f34224bbd4494ce4fae19c9a0c1c674a","/ProductSans-Light.71eb51b4812b3c96.woff":"21d6c1e4d63326f54f830f9e0b1fd9b97b36ac55cc123e352f4c9b3ddd5fb0dc","/ProductSans-Italic.bb9e58df42bdc38a.woff":"8a6a800c14b7d226592ee64c285ceb6f3b95790bf57b49e9b9a914dd0a7a51d0","/ProductSans-LightItalic.a6e56d639356be23.woff":"d579bf8041d21dea1c77fdc92526e0bea78ed6644ceac936b017b38785938e35","/ProductSans-Medium.0e4bec903b0e38c1.woff":"4c283a7b6f760f0e0f423b113c8dbc535fe7b481db23a084c52cac619f1f14df","/ProductSans-MediumItalic.c48cd58453ae63ca.woff":"c8b2dbdb31b76cb5efbb9256256856b19125103656279abc8bd2982c87d00c5d","/ProductSans-ThinItalic.9facbda5bbce21af.woff":"f87d1948d79e13832e59452670b500683d80a51c3f94e604802fd58d41947084","/ProductSans-Thin.eaaf83df7be46880.woff":"d82b6755c749522d9306f3f688bb4db27312cf6270ba87b5f92cd401e9bfb701","/ProductSans-Regular.c811315278a2150e.woff":"6b400c30a6c4af5a8327629e992c64fa1a400b2ba05f06fde910aa7e42ebff3f","/primeicons.f8b9e8a4e401b603.woff":"ec1911eada6c0acfae411a975f5185ae907e939271ffb501c6dded18135bf726","/primeicons.0112589c5695a9ed.ttf":"0cfcef9dbfa97e1bf434f41b30ecfedfd70d14e78ad20a1828ea7b43516caeaa","/primeicons.ffecb2549ad1765a.eot":"6295969f10f9faba0b3ece0ab33a91bd25408c11649c5fa82b7c25d8faedca72","/styles.8fc87be5218dec56.css":"5421620693ab211f262365062dd35165e2760f914f4007f4632ab67b03195a87","/scripts.65a0356368b84f29.js":"799699a87843444029dd0d6c3625bb59a90ddc29903ead644c1864710c2fa06f","/primeicons.943ab24c43224d29.svg":"472f7588e7e92600b143137ef9ed0772495651cda9fb02e4d78218c13abcf03a","/main.c835f651a4f51ee0.js":"48f8b76b7aeba989215cc442e83227c3904a62d71e39c3d0e11db04586391956"}}
